[debug] [2022-11-02T16:56:57.919Z] ----------------------------------------------------------------------
[debug] [2022-11-02T16:56:57.922Z] Command:       C:\Program Files\nodejs\node.exe C:\Users\sheen\AppData\Roaming\npm\node_modules\firebase-tools\lib\bin\firebase.js deploy --only functions
[debug] [2022-11-02T16:56:57.923Z] CLI Version:   11.15.0
[debug] [2022-11-02T16:56:57.923Z] Platform:      win32
[debug] [2022-11-02T16:56:57.924Z] Node Version:  v16.18.0
[debug] [2022-11-02T16:56:57.925Z] Time:          Wed Nov 02 2022 21:56:57 GMT+0500 (Pakistan Standard Time)
[debug] [2022-11-02T16:56:57.925Z] ----------------------------------------------------------------------
[debug] 
[debug] [2022-11-02T16:56:58.063Z] > command requires scopes: ["email","openid","https://www.googleapis.com/auth/cloudplatformprojects.readonly","https://www.googleapis.com/auth/firebase","https://www.googleapis.com/auth/cloud-platform"]
[debug] [2022-11-02T16:56:58.064Z] > authorizing via signed-in user (arslan.sheen@gmail.com)
[debug] [2022-11-02T16:56:58.064Z] [iam] checking project clone-app-925c5 for permissions ["cloudfunctions.functions.create","cloudfunctions.functions.delete","cloudfunctions.functions.get","cloudfunctions.functions.list","cloudfunctions.functions.update","cloudfunctions.operations.get","firebase.projects.get"]
[debug] [2022-11-02T16:56:58.068Z] >>> [apiv2][query] POST https://cloudresourcemanager.googleapis.com/v1/projects/clone-app-925c5:testIamPermissions [none]
[debug] [2022-11-02T16:56:58.069Z] >>> [apiv2][(partial)header] POST https://cloudresourcemanager.googleapis.com/v1/projects/clone-app-925c5:testIamPermissions x-goog-quota-user=projects/clone-app-925c5
[debug] [2022-11-02T16:56:58.069Z] >>> [apiv2][body] POST https://cloudresourcemanager.googleapis.com/v1/projects/clone-app-925c5:testIamPermissions {"permissions":["cloudfunctions.functions.create","cloudfunctions.functions.delete","cloudfunctions.functions.get","cloudfunctions.functions.list","cloudfunctions.functions.update","cloudfunctions.operations.get","firebase.projects.get"]}
[debug] [2022-11-02T16:57:00.053Z] <<< [apiv2][status] POST https://cloudresourcemanager.googleapis.com/v1/projects/clone-app-925c5:testIamPermissions 200
[debug] [2022-11-02T16:57:00.054Z] <<< [apiv2][body] POST https://cloudresourcemanager.googleapis.com/v1/projects/clone-app-925c5:testIamPermissions {"permissions":["cloudfunctions.functions.create","cloudfunctions.functions.delete","cloudfunctions.functions.get","cloudfunctions.functions.list","cloudfunctions.functions.update","cloudfunctions.operations.get","firebase.projects.get"]}
[debug] [2022-11-02T16:57:00.056Z] >>> [apiv2][query] POST https://iam.googleapis.com/v1/projects/clone-app-925c5/serviceAccounts/clone-app-925c5@appspot.gserviceaccount.com:testIamPermissions [none]
[debug] [2022-11-02T16:57:00.056Z] >>> [apiv2][body] POST https://iam.googleapis.com/v1/projects/clone-app-925c5/serviceAccounts/clone-app-925c5@appspot.gserviceaccount.com:testIamPermissions {"permissions":["iam.serviceAccounts.actAs"]}
[debug] [2022-11-02T16:57:02.354Z] <<< [apiv2][status] POST https://iam.googleapis.com/v1/projects/clone-app-925c5/serviceAccounts/clone-app-925c5@appspot.gserviceaccount.com:testIamPermissions 200
[debug] [2022-11-02T16:57:02.354Z] <<< [apiv2][body] POST https://iam.googleapis.com/v1/projects/clone-app-925c5/serviceAccounts/clone-app-925c5@appspot.gserviceaccount.com:testIamPermissions {"permissions":["iam.serviceAccounts.actAs"]}
[info] 
[info] === Deploying to 'clone-app-925c5'...
[info] 
[info] i  deploying functions 
[info] Running command: npm --prefix "$RESOURCE_DIR" run lint
